<?xml version="1.0" encoding="UTF-8"?>
<testng-results ignored="0" total="1" passed="1" failed="0" skipped="0">
  <reporter-output>
  </reporter-output>
  <suite started-at="2024-07-29T09:58:29 IST" name="Default suite" finished-at="2024-07-29T09:58:42 IST" duration-ms="13152">
    <groups>
      <group name="cucumber">
        <method signature="AbstractTestNGCucumberTests.runScenario(io.cucumber.testng.PickleWrapper,io.cucumber.testng.FeatureWrapper)[pri:0, instance:chat.automation.Template.runner.TemplateTestRunner@229f66ed]" name="runScenario" class="io.cucumber.testng.AbstractTestNGCucumberTests"/>
      </group> <!-- cucumber -->
    </groups>
    <test started-at="2024-07-29T09:58:29 IST" name="Default test" finished-at="2024-07-29T09:58:42 IST" duration-ms="13152">
      <class name="chat.automation.Template.runner.TemplateTestRunner">
        <test-method is-config="true" signature="setUpClass(org.testng.ITestContext)[pri:0, instance:chat.automation.Template.runner.TemplateTestRunner@229f66ed]" started-at="2024-07-29T09:58:29 IST" name="setUpClass" finished-at="2024-07-29T09:58:30 IST" duration-ms="188" status="PASS">
          <params>
            <param index="0">
              <value>
                <![CDATA[org.testng.TestRunner@4a1a256d]]>
              </value>
            </param>
          </params>
          <reporter-output>
          </reporter-output>
        </test-method> <!-- setUpClass -->
        <test-method signature="runScenario(io.cucumber.testng.PickleWrapper,io.cucumber.testng.FeatureWrapper)[pri:0, instance:chat.automation.Template.runner.TemplateTestRunner@229f66ed]" started-at="2024-07-29T09:58:30 IST" name="runScenario" description="Runs Cucumber Scenarios" data-provider="scenarios" finished-at="2024-07-29T09:58:42 IST" duration-ms="12265" status="PASS">
          <params>
            <param index="0">
              <value>
                <![CDATA["API 820679 Contract Entity API"]]>
              </value>
            </param>
            <param index="1">
              <value>
                <![CDATA["A test case in a Framework Template"]]>
              </value>
            </param>
          </params>
          <reporter-output>
          </reporter-output>
        </test-method> <!-- runScenario -->
        <test-method is-config="true" signature="tearDownClass()[pri:0, instance:chat.automation.Template.runner.TemplateTestRunner@229f66ed]" started-at="2024-07-29T09:58:42 IST" name="tearDownClass" finished-at="2024-07-29T09:58:42 IST" duration-ms="6" status="PASS">
          <reporter-output>
          </reporter-output>
        </test-method> <!-- tearDownClass -->
      </class> <!-- chat.automation.Template.runner.TemplateTestRunner -->
    </test> <!-- Default test -->
  </suite> <!-- Default suite -->
</testng-results>
